-------------------------------------------------------------------------------
Test set: org.example.testRunner.runners
-------------------------------------------------------------------------------
Tests run: 1, Failures: 1, Errors: 0, Skipped: 0, Time elapsed: 2.706 s <<< FAILURE! - in org.example.testRunner.runners
org.example.testRunner.runners.setUpClass  Time elapsed: 2.43 s  <<< FAILURE!
io.cucumber.core.gherkin.FeatureParserException: 
Failed to parse resource at: file:///C:/Users/20115/IdeaProjects/demonopcommerceA/src/main/resources/features/F04_Search.feature
(6:7): expected: #EOF, #TableRow, #DocStringSeparator, #StepLine, #TagLine, #ExamplesLine, #ScenarioLine, #RuleLine, #Comment, #Empty, got 'And'

