<?xml version="1.0" encoding="UTF-8"?>
<testsuite xmlns:xsi="http://www.w3.org/2001/XMLSchema-instance" xsi:noNamespaceSchemaLocation="https://maven.apache.org/surefire/maven-surefire-plugin/xsd/surefire-test-report-3.0.xsd" version="3.0" name="org.example.testRunner.runners" time="517.847" tests="16" errors="0" skipped="0" failures="5">
  <properties>
[...]
</properties>
  <testcase name="runScenario" classname="org.example.testRunner.runners" time="87.505">
    <failure message="no such element: Unable to locate element: {&quot;method&quot;:&quot;css selector&quot;,&quot;selector&quot;:&quot;div[class=&quot;result&quot;]&quot;}&#10;  (Session info: chrome=108.0.5359.73)&#10;For documentation on this error, please visit: https://selenium.dev/exceptions/#no_such_element&#10;Build info: version: &apos;4.6.0&apos;, revision: &apos;79f1c02ae20&apos;&#10;System info: os.name: &apos;Windows 10&apos;, os.arch: &apos;amd64&apos;, os.version: &apos;10.0&apos;, java.version: &apos;1.8.0_351&apos;&#10;Driver info: org.openqa.selenium.chrome.ChromeDriver&#10;Command: [390b1d969668541e22d9ce21c02d9625, findElement {using=css selector, value=div[class=&quot;result&quot;]}]&#10;Capabilities {acceptInsecureCerts: false, browserName: chrome, browserVersion: 108.0.5359.73, chrome: {chromedriverVersion: 108.0.5359.71 (1e0e3868ee06..., userDataDir: C:\Users\20115\AppData\Loca...}, goog:chromeOptions: {debuggerAddress: localhost:55790}, networkConnectionEnabled: false, pageLoadStrategy: normal, platformName: WINDOWS, proxy: Proxy(), se:cdp: ws://localhost:55790/devtoo..., se:cdpVersion: 108.0.5359.73, setWindowRect: true, strictFileInteractability: false, timeouts: {implicit: 0, pageLoad: 300000, script: 30000}, unhandledPromptBehavior: dismiss and notify, webauthn:extension:credBlob: true, webauthn:extension:largeBlob: true, webauthn:virtualAuthenticators: true}&#10;Session ID: 390b1d969668541e22d9ce21c02d9625" type="org.openqa.selenium.NoSuchElementException"><![CDATA[org.openqa.selenium.NoSuchElementException: 
no such element: Unable to locate element: {"method":"css selector","selector":"div[class="result"]"}
  (Session info: chrome=108.0.5359.73)
For documentation on this error, please visit: https://selenium.dev/exceptions/#no_such_element
Build info: version: '4.6.0', revision: '79f1c02ae20'
System info: os.name: 'Windows 10', os.arch: 'amd64', os.version: '10.0', java.version: '1.8.0_351'
Driver info: org.openqa.selenium.chrome.ChromeDriver
Command: [390b1d969668541e22d9ce21c02d9625, findElement {using=css selector, value=div[class="result"]}]
Capabilities {acceptInsecureCerts: false, browserName: chrome, browserVersion: 108.0.5359.73, chrome: {chromedriverVersion: 108.0.5359.71 (1e0e3868ee06..., userDataDir: C:\Users\20115\AppData\Loca...}, goog:chromeOptions: {debuggerAddress: localhost:55790}, networkConnectionEnabled: false, pageLoadStrategy: normal, platformName: WINDOWS, proxy: Proxy(), se:cdp: ws://localhost:55790/devtoo..., se:cdpVersion: 108.0.5359.73, setWindowRect: true, strictFileInteractability: false, timeouts: {implicit: 0, pageLoad: 300000, script: 30000}, unhandledPromptBehavior: dismiss and notify, webauthn:extension:credBlob: true, webauthn:extension:largeBlob: true, webauthn:virtualAuthenticators: true}
Session ID: 390b1d969668541e22d9ce21c02d9625
]]></failure>
    <system-out><![CDATA[
@smoke
Scenario: Register with valid data                                                                                       &amp#27;[90m# src/main/resources/features/F01_Register.feature:5&amp#27;[0m
  &amp#27;[32mGiven &amp#27;[0m&amp#27;[32muser navigate to home page&amp#27;[0m                                                                                       &amp#27;[90m# org.example.stepDefs.D01_registerStepDef.registerPage()&amp#27;[0m
  &amp#27;[32mWhen &amp#27;[0m&amp#27;[32muser clicks register&amp#27;[0m                                                                                              &amp#27;[90m# org.example.stepDefs.D01_registerStepDef.userEnterValidData()&amp#27;[0m
  &amp#27;[32mAnd &amp#27;[0m&amp#27;[32muser selects &amp#27;[0m&amp#27;[32m&amp#27;[1m"female"&amp#27;[0m&amp#27;[32m &amp#27;[0m&amp#27;[32m&amp#27;[1m"bebo"&amp#27;[0m&amp#27;[32m as firstname and &amp#27;[0m&amp#27;[32m&amp#27;[1m"tester"&amp#27;[0m&amp#27;[32m as lastname&amp#27;[0m                                                 &amp#27;[90m# org.example.stepDefs.D01_registerStepDef.userSelectsAsFirstnameAndAsLastname(java.lang.String,java.lang.String,java.lang.String)&amp#27;[0m
  &amp#27;[32mAnd &amp#27;[0m&amp#27;[32muser fills gender"&amp#27;[0m&amp#27;[32m&amp#27;[1mfemale&amp#27;[0m&amp#27;[32m" fname"&amp#27;[0m&amp#27;[32m&amp#27;[1mBebo&amp#27;[0m&amp#27;[32m" lname"&amp#27;[0m&amp#27;[32m&amp#27;[1mTarek&amp#27;[0m&amp#27;[32m" day"&amp#27;[0m&amp#27;[32m&amp#27;[1m1&amp#27;[0m&amp#27;[32m" month"&amp#27;[0m&amp#27;[32m&amp#27;[1m6&amp#27;[0m&amp#27;[32m" year"&amp#27;[0m&amp#27;[32m&amp#27;[1m1999&amp#27;[0m&amp#27;[32m" email"&amp#27;[0m&amp#27;[32m&amp#27;[1mtest1999@gmail.com&amp#27;[0m&amp#27;[32m" valid data&amp#27;[0m &amp#27;[90m# org.example.stepDefs.D01_registerStepDef.user_fills_personal_valid_data(java.lang.String,java.lang.String,java.lang.String,java.lang.String,java.lang.String,java.lang.String,java.lang.String)&amp#27;[0m
  &amp#27;[32mAnd &amp#27;[0m&amp#27;[32muser fills valid password "&amp#27;[0m&amp#27;[32m&amp#27;[1mp@ssw0rd&amp#27;[0m&amp#27;[32m" confirm "&amp#27;[0m&amp#27;[32m&amp#27;[1mp@ssw0rd&amp#27;[0m&amp#27;[32m"&amp#27;[0m                                                            &amp#27;[90m# org.example.stepDefs.D01_registerStepDef.user_fills_valid_password(java.lang.String,java.lang.String)&amp#27;[0m
  &amp#27;[32mAnd &amp#27;[0m&amp#27;[32muser clicks register button&amp#27;[0m                                                                                        &amp#27;[90m# org.example.stepDefs.D01_registerStepDef.user_clicks_register_button()&amp#27;[0m
  &amp#27;[31mThen &amp#27;[0m&amp#27;[31msuccess message is displayed&amp#27;[0m                                                                                      &amp#27;[90m# org.example.stepDefs.D01_registerStepDef.success_message_is_displayed()&amp#27;[0m
      &amp#27;[31morg.openqa.selenium.NoSuchElementException: no such element: Unable to locate element: {"method":"css selector","selector":"div[class="result"]"}
  (Session info: chrome=108.0.5359.73)
For documentation on this error, please visit: https://selenium.dev/exceptions/#no_such_element
Build info: version: '4.6.0', revision: '79f1c02ae20'
System info: os.name: 'Windows 10', os.arch: 'amd64', os.version: '10.0', java.version: '1.8.0_351'
Driver info: org.openqa.selenium.chrome.ChromeDriver
Command: [390b1d969668541e22d9ce21c02d9625, findElement {using=css selector, value=div[class="result"]}]
Capabilities {acceptInsecureCerts: false, browserName: chrome, browserVersion: 108.0.5359.73, chrome: {chromedriverVersion: 108.0.5359.71 (1e0e3868ee06..., userDataDir: C:\Users\20115\AppData\Loca...}, goog:chromeOptions: {debuggerAddress: localhost:55790}, networkConnectionEnabled: false, pageLoadStrategy: normal, platformName: WINDOWS, proxy: Proxy(), se:cdp: ws://localhost:55790/devtoo..., se:cdpVersion: 108.0.5359.73, setWindowRect: true, strictFileInteractability: false, timeouts: {implicit: 0, pageLoad: 300000, script: 30000}, unhandledPromptBehavior: dismiss and notify, webauthn:extension:credBlob: true, webauthn:extension:largeBlob: true, webauthn:virtualAuthenticators: true}
Session ID: 390b1d969668541e22d9ce21c02d9625
	at sun.reflect.NativeConstructorAccessorImpl.newInstance0(Native Method)
	at sun.reflect.NativeConstructorAccessorImpl.newInstance(NativeConstructorAccessorImpl.java:62)
	at sun.reflect.DelegatingConstructorAccessorImpl.newInstance(DelegatingConstructorAccessorImpl.java:45)
	at java.lang.reflect.Constructor.newInstance(Constructor.java:423)
	at org.openqa.selenium.remote.codec.w3c.W3CHttpResponseCodec.createException(W3CHttpResponseCodec.java:200)
	at org.openqa.selenium.remote.codec.w3c.W3CHttpResponseCodec.decode(W3CHttpResponseCodec.java:133)
	at org.openqa.selenium.remote.codec.w3c.W3CHttpResponseCodec.decode(W3CHttpResponseCodec.java:53)
	at org.openqa.selenium.remote.HttpCommandExecutor.execute(HttpCommandExecutor.java:184)
	at org.openqa.selenium.remote.service.DriverCommandExecutor.invokeExecute(DriverCommandExecutor.java:167)
	at org.openqa.selenium.remote.service.DriverCommandExecutor.execute(DriverCommandExecutor.java:142)
	at org.openqa.selenium.remote.RemoteWebDriver.execute(RemoteWebDriver.java:541)
	at org.openqa.selenium.remote.ElementLocation$ElementFinder$2.findElement(ElementLocation.java:162)
	at org.openqa.selenium.remote.ElementLocation.findElement(ElementLocation.java:60)
	at org.openqa.selenium.remote.RemoteWebDriver.findElement(RemoteWebDriver.java:365)
	at org.openqa.selenium.remote.RemoteWebDriver.findElement(RemoteWebDriver.java:357)
	at org.example.stepDefs.D01_registerStepDef.success_message_is_displayed(D01_registerStepDef.java:72)
	at âœ½.success message is displayed(file:///C:/Users/20115/IdeaProjects/demonopcommerceA/src/main/resources/features/F01_Register.feature:12)
&amp#27;[0m
]]></system-out>
    <system-err><![CDATA[SLF4J: Failed to load class "org.slf4j.impl.StaticLoggerBinder".
SLF4J: Defaulting to no-operation (NOP) logger implementation
SLF4J: See http://www.slf4j.org/codes.html#StaticLoggerBinder for further details.
Starting ChromeDriver 108.0.5359.71 (1e0e3868ee06e91ad636a874420e3ca3ae3756ac-refs/branch-heads/5359@{#1016}) on port 4682
Only local connections are allowed.
Please see https://chromedriver.chromium.org/security-considerations for suggestions on keeping ChromeDriver safe.
ChromeDriver was started successfully.
Dec 04, 2022 11:50:47 PM org.openqa.selenium.devtools.CdpVersionFinder findNearestMatch
WARNING: Unable to find an exact match for CDP version 108, so returning the closest version found: 107
]]></system-err>
  </testcase>
  <testcase name="runScenario" classname="org.example.testRunner.runners" time="27.392"/>
  <testcase name="runScenario" classname="org.example.testRunner.runners" time="16.253"/>
  <testcase name="runScenario" classname="org.example.testRunner.runners" time="18.172"/>
  <testcase name="runScenario" classname="org.example.testRunner.runners" time="38.594"/>
  <testcase name="runScenario" classname="org.example.testRunner.runners" time="45.435"/>
  <testcase name="runScenario" classname="org.example.testRunner.runners" time="41.305"/>
  <testcase name="runScenario" classname="org.example.testRunner.runners" time="27.849"/>
  <testcase name="runScenario" classname="org.example.testRunner.runners" time="50.922">
    <failure message="Index: 0, Size: 0" type="java.lang.IndexOutOfBoundsException"><![CDATA[java.lang.IndexOutOfBoundsException: Index: 0, Size: 0
]]></failure>
    <system-out><![CDATA[
@smoke
Scenario: User Click on Sub-element        &amp#27;[90m# src/main/resources/features/F05_hoverCategories.feature:4&amp#27;[0m
Size is 0
  &amp#27;[31mWhen &amp#27;[0m&amp#27;[31mUser click on Parent and select sub&amp#27;[0m &amp#27;[90m# org.example.stepDefs.D05_hoverCategoriesStepDef.hover_Test()&amp#27;[0m
      &amp#27;[31mjava.lang.IndexOutOfBoundsException: Index: 0, Size: 0
	at java.util.ArrayList.rangeCheck(ArrayList.java:659)
	at java.util.ArrayList.get(ArrayList.java:435)
	at org.example.stepDefs.D05_hoverCategoriesStepDef.hover_Test(D05_hoverCategoriesStepDef.java:19)
	at âœ½.User click on Parent and select sub(file:///C:/Users/20115/IdeaProjects/demonopcommerceA/src/main/resources/features/F05_hoverCategories.feature:5)
&amp#27;[0m
]]></system-out>
    <system-err><![CDATA[Starting ChromeDriver 108.0.5359.71 (1e0e3868ee06e91ad636a874420e3ca3ae3756ac-refs/branch-heads/5359@{#1016}) on port 15015
Only local connections are allowed.
Please see https://chromedriver.chromium.org/security-considerations for suggestions on keeping ChromeDriver safe.
ChromeDriver was started successfully.
Dec 04, 2022 11:55:29 PM org.openqa.selenium.devtools.CdpVersionFinder findNearestMatch
WARNING: Unable to find an exact match for CDP version 108, so returning the closest version found: 107
]]></system-err>
  </testcase>
  <testcase name="runScenario" classname="org.example.testRunner.runners" time="30.784">
    <failure message="The following asserts failed:&#10;	error expected [https://demo.nopcommerce.com/nokia-lumia-1020] but found [https://demo.nopcommerce.com/]" type="java.lang.AssertionError"><![CDATA[java.lang.AssertionError: 
The following asserts failed:
	error expected [https://demo.nopcommerce.com/nokia-lumia-1020] but found [https://demo.nopcommerce.com/]
]]></failure>
    <system-out><![CDATA[
@smoke
Scenario: user could click on page sliders &amp#27;[90m# src/main/resources/features/F06_homeSliders.feature:5&amp#27;[0m
  &amp#27;[32mWhen &amp#27;[0m&amp#27;[32mUser Clicks on Nokia Slider&amp#27;[0m         &amp#27;[90m# org.example.stepDefs.D06_homeSlidersStepDef.Nokia_Slider()&amp#27;[0m
  &amp#27;[31mAnd &amp#27;[0m&amp#27;[31mNokia URL should be appeared&amp#27;[0m         &amp#27;[90m# org.example.stepDefs.D06_homeSlidersStepDef.Success()&amp#27;[0m
      &amp#27;[31mjava.lang.AssertionError: The following asserts failed:
	error expected [https://demo.nopcommerce.com/nokia-lumia-1020] but found [https://demo.nopcommerce.com/]
	at org.testng.asserts.SoftAssert.assertAll(SoftAssert.java:46)
	at org.testng.asserts.SoftAssert.assertAll(SoftAssert.java:30)
	at org.example.stepDefs.D06_homeSlidersStepDef.Success(D06_homeSlidersStepDef.java:28)
	at âœ½.Nokia URL should be appeared(file:///C:/Users/20115/IdeaProjects/demonopcommerceA/src/main/resources/features/F06_homeSliders.feature:7)
&amp#27;[0m
]]></system-out>
    <system-err><![CDATA[Starting ChromeDriver 108.0.5359.71 (1e0e3868ee06e91ad636a874420e3ca3ae3756ac-refs/branch-heads/5359@{#1016}) on port 42963
Only local connections are allowed.
Please see https://chromedriver.chromium.org/security-considerations for suggestions on keeping ChromeDriver safe.
ChromeDriver was started successfully.
Dec 04, 2022 11:56:10 PM org.openqa.selenium.devtools.CdpVersionFinder findNearestMatch
WARNING: Unable to find an exact match for CDP version 108, so returning the closest version found: 107
]]></system-err>
  </testcase>
  <testcase name="runScenario" classname="org.example.testRunner.runners" time="27.506">
    <failure message="element not interactable&#10;  (Session info: chrome=108.0.5359.73)&#10;Build info: version: &apos;4.6.0&apos;, revision: &apos;79f1c02ae20&apos;&#10;System info: os.name: &apos;Windows 10&apos;, os.arch: &apos;amd64&apos;, os.version: &apos;10.0&apos;, java.version: &apos;1.8.0_351&apos;&#10;Driver info: org.openqa.selenium.chrome.ChromeDriver&#10;Command: [de04e1ea7551b9bf7b526a4e0225d7ee, clickElement {id=3585dd47-7273-4371-9d8e-45aa4f096c43}]&#10;Capabilities {acceptInsecureCerts: false, browserName: chrome, browserVersion: 108.0.5359.73, chrome: {chromedriverVersion: 108.0.5359.71 (1e0e3868ee06..., userDataDir: C:\Users\20115\AppData\Loca...}, goog:chromeOptions: {debuggerAddress: localhost:56166}, networkConnectionEnabled: false, pageLoadStrategy: normal, platformName: WINDOWS, proxy: Proxy(), se:cdp: ws://localhost:56166/devtoo..., se:cdpVersion: 108.0.5359.73, setWindowRect: true, strictFileInteractability: false, timeouts: {implicit: 0, pageLoad: 300000, script: 30000}, unhandledPromptBehavior: dismiss and notify, webauthn:extension:credBlob: true, webauthn:extension:largeBlob: true, webauthn:virtualAuthenticators: true}&#10;Element: [[ChromeDriver: chrome on WINDOWS (de04e1ea7551b9bf7b526a4e0225d7ee)] -&gt; class name: nivo-imageLink]&#10;Session ID: de04e1ea7551b9bf7b526a4e0225d7ee" type="org.openqa.selenium.ElementNotInteractableException"><![CDATA[org.openqa.selenium.ElementNotInteractableException: 
element not interactable
  (Session info: chrome=108.0.5359.73)
Build info: version: '4.6.0', revision: '79f1c02ae20'
System info: os.name: 'Windows 10', os.arch: 'amd64', os.version: '10.0', java.version: '1.8.0_351'
Driver info: org.openqa.selenium.chrome.ChromeDriver
Command: [de04e1ea7551b9bf7b526a4e0225d7ee, clickElement {id=3585dd47-7273-4371-9d8e-45aa4f096c43}]
Capabilities {acceptInsecureCerts: false, browserName: chrome, browserVersion: 108.0.5359.73, chrome: {chromedriverVersion: 108.0.5359.71 (1e0e3868ee06..., userDataDir: C:\Users\20115\AppData\Loca...}, goog:chromeOptions: {debuggerAddress: localhost:56166}, networkConnectionEnabled: false, pageLoadStrategy: normal, platformName: WINDOWS, proxy: Proxy(), se:cdp: ws://localhost:56166/devtoo..., se:cdpVersion: 108.0.5359.73, setWindowRect: true, strictFileInteractability: false, timeouts: {implicit: 0, pageLoad: 300000, script: 30000}, unhandledPromptBehavior: dismiss and notify, webauthn:extension:credBlob: true, webauthn:extension:largeBlob: true, webauthn:virtualAuthenticators: true}
Element: [[ChromeDriver: chrome on WINDOWS (de04e1ea7551b9bf7b526a4e0225d7ee)] -> class name: nivo-imageLink]
Session ID: de04e1ea7551b9bf7b526a4e0225d7ee
]]></failure>
    <system-out><![CDATA[
@smoke
Scenario: user click on second slider &amp#27;[90m# src/main/resources/features/F06_homeSliders.feature:9&amp#27;[0m
  &amp#27;[31mWhen &amp#27;[0m&amp#27;[31mUser clicks on iphone slider&amp#27;[0m   &amp#27;[90m# org.example.stepDefs.D06_homeSlidersStepDef.Second_Slider()&amp#27;[0m
      &amp#27;[31morg.openqa.selenium.ElementNotInteractableException: element not interactable
  (Session info: chrome=108.0.5359.73)
Build info: version: '4.6.0', revision: '79f1c02ae20'
System info: os.name: 'Windows 10', os.arch: 'amd64', os.version: '10.0', java.version: '1.8.0_351'
Driver info: org.openqa.selenium.chrome.ChromeDriver
Command: [de04e1ea7551b9bf7b526a4e0225d7ee, clickElement {id=3585dd47-7273-4371-9d8e-45aa4f096c43}]
Capabilities {acceptInsecureCerts: false, browserName: chrome, browserVersion: 108.0.5359.73, chrome: {chromedriverVersion: 108.0.5359.71 (1e0e3868ee06..., userDataDir: C:\Users\20115\AppData\Loca...}, goog:chromeOptions: {debuggerAddress: localhost:56166}, networkConnectionEnabled: false, pageLoadStrategy: normal, platformName: WINDOWS, proxy: Proxy(), se:cdp: ws://localhost:56166/devtoo..., se:cdpVersion: 108.0.5359.73, setWindowRect: true, strictFileInteractability: false, timeouts: {implicit: 0, pageLoad: 300000, script: 30000}, unhandledPromptBehavior: dismiss and notify, webauthn:extension:credBlob: true, webauthn:extension:largeBlob: true, webauthn:virtualAuthenticators: true}
Element: [[ChromeDriver: chrome on WINDOWS (de04e1ea7551b9bf7b526a4e0225d7ee)] -> class name: nivo-imageLink]
Session ID: de04e1ea7551b9bf7b526a4e0225d7ee
	at sun.reflect.NativeConstructorAccessorImpl.newInstance0(Native Method)
	at sun.reflect.NativeConstructorAccessorImpl.newInstance(NativeConstructorAccessorImpl.java:62)
	at sun.reflect.DelegatingConstructorAccessorImpl.newInstance(DelegatingConstructorAccessorImpl.java:45)
	at java.lang.reflect.Constructor.newInstance(Constructor.java:423)
	at org.openqa.selenium.remote.codec.w3c.W3CHttpResponseCodec.createException(W3CHttpResponseCodec.java:200)
	at org.openqa.selenium.remote.codec.w3c.W3CHttpResponseCodec.decode(W3CHttpResponseCodec.java:133)
	at org.openqa.selenium.remote.codec.w3c.W3CHttpResponseCodec.decode(W3CHttpResponseCodec.java:53)
	at org.openqa.selenium.remote.HttpCommandExecutor.execute(HttpCommandExecutor.java:184)
	at org.openqa.selenium.remote.service.DriverCommandExecutor.invokeExecute(DriverCommandExecutor.java:167)
	at org.openqa.selenium.remote.service.DriverCommandExecutor.execute(DriverCommandExecutor.java:142)
	at org.openqa.selenium.remote.RemoteWebDriver.execute(RemoteWebDriver.java:541)
	at org.openqa.selenium.remote.RemoteWebElement.execute(RemoteWebElement.java:257)
	at org.openqa.selenium.remote.RemoteWebElement.click(RemoteWebElement.java:78)
	at org.example.stepDefs.D06_homeSlidersStepDef.Second_Slider(D06_homeSlidersStepDef.java:37)
	at âœ½.User clicks on iphone slider(file:///C:/Users/20115/IdeaProjects/demonopcommerceA/src/main/resources/features/F06_homeSliders.feature:10)
&amp#27;[0m
  &amp#27;[36mThen &amp#27;[0m&amp#27;[36mIphone URL should be appeared&amp#27;[0m  &amp#27;[90m# org.example.stepDefs.D06_homeSlidersStepDef.Iphone()&amp#27;[0m
]]></system-out>
    <system-err><![CDATA[Starting ChromeDriver 108.0.5359.71 (1e0e3868ee06e91ad636a874420e3ca3ae3756ac-refs/branch-heads/5359@{#1016}) on port 33169
Only local connections are allowed.
Please see https://chromedriver.chromium.org/security-considerations for suggestions on keeping ChromeDriver safe.
ChromeDriver was started successfully.
Dec 04, 2022 11:56:26 PM org.openqa.selenium.devtools.CdpVersionFinder findNearestMatch
WARNING: Unable to find an exact match for CDP version 108, so returning the closest version found: 107
]]></system-err>
  </testcase>
  <testcase name="runScenario" classname="org.example.testRunner.runners" time="13.203"/>
  <testcase name="runScenario" classname="org.example.testRunner.runners" time="15.222"/>
  <testcase name="runScenario" classname="org.example.testRunner.runners" time="21.279">
    <failure message="Expected condition failed: waiting for number of open windows to be 2 (tried for 10 second(s) with 500 milliseconds interval)&#10;Build info: version: &apos;4.6.0&apos;, revision: &apos;79f1c02ae20&apos;&#10;System info: os.name: &apos;Windows 10&apos;, os.arch: &apos;amd64&apos;, os.version: &apos;10.0&apos;, java.version: &apos;1.8.0_351&apos;&#10;Driver info: org.openqa.selenium.chrome.ChromeDriver&#10;Capabilities {acceptInsecureCerts: false, browserName: chrome, browserVersion: 108.0.5359.73, chrome: {chromedriverVersion: 108.0.5359.71 (1e0e3868ee06..., userDataDir: C:\Users\20115\AppData\Loca...}, goog:chromeOptions: {debuggerAddress: localhost:56275}, networkConnectionEnabled: false, pageLoadStrategy: normal, platformName: WINDOWS, proxy: Proxy(), se:cdp: ws://localhost:56275/devtoo..., se:cdpVersion: 108.0.5359.73, setWindowRect: true, strictFileInteractability: false, timeouts: {implicit: 0, pageLoad: 300000, script: 30000}, unhandledPromptBehavior: dismiss and notify, webauthn:extension:credBlob: true, webauthn:extension:largeBlob: true, webauthn:virtualAuthenticators: true}&#10;Session ID: 46b0086991e49df0bb00c5de56c772d4" type="org.openqa.selenium.TimeoutException"><![CDATA[org.openqa.selenium.TimeoutException: 
Expected condition failed: waiting for number of open windows to be 2 (tried for 10 second(s) with 500 milliseconds interval)
Build info: version: '4.6.0', revision: '79f1c02ae20'
System info: os.name: 'Windows 10', os.arch: 'amd64', os.version: '10.0', java.version: '1.8.0_351'
Driver info: org.openqa.selenium.chrome.ChromeDriver
Capabilities {acceptInsecureCerts: false, browserName: chrome, browserVersion: 108.0.5359.73, chrome: {chromedriverVersion: 108.0.5359.71 (1e0e3868ee06..., userDataDir: C:\Users\20115\AppData\Loca...}, goog:chromeOptions: {debuggerAddress: localhost:56275}, networkConnectionEnabled: false, pageLoadStrategy: normal, platformName: WINDOWS, proxy: Proxy(), se:cdp: ws://localhost:56275/devtoo..., se:cdpVersion: 108.0.5359.73, setWindowRect: true, strictFileInteractability: false, timeouts: {implicit: 0, pageLoad: 300000, script: 30000}, unhandledPromptBehavior: dismiss and notify, webauthn:extension:credBlob: true, webauthn:extension:largeBlob: true, webauthn:virtualAuthenticators: true}
Session ID: 46b0086991e49df0bb00c5de56c772d4
]]></failure>
    <system-out><![CDATA[
@smoke
Scenario: user opens rss link                                                                   &amp#27;[90m# src/main/resources/features/F07_followUs.feature:13&amp#27;[0m
  &amp#27;[31mWhen &amp#27;[0m&amp#27;[31muser click on rss icon&amp#27;[0m                                                                   &amp#27;[90m# org.example.stepDefs.D07_followUsStepDef.rss()&amp#27;[0m
      &amp#27;[31morg.openqa.selenium.TimeoutException: Expected condition failed: waiting for number of open windows to be 2 (tried for 10 second(s) with 500 milliseconds interval)
Build info: version: '4.6.0', revision: '79f1c02ae20'
System info: os.name: 'Windows 10', os.arch: 'amd64', os.version: '10.0', java.version: '1.8.0_351'
Driver info: org.openqa.selenium.chrome.ChromeDriver
Capabilities {acceptInsecureCerts: false, browserName: chrome, browserVersion: 108.0.5359.73, chrome: {chromedriverVersion: 108.0.5359.71 (1e0e3868ee06..., userDataDir: C:\Users\20115\AppData\Loca...}, goog:chromeOptions: {debuggerAddress: localhost:56275}, networkConnectionEnabled: false, pageLoadStrategy: normal, platformName: WINDOWS, proxy: Proxy(), se:cdp: ws://localhost:56275/devtoo..., se:cdpVersion: 108.0.5359.73, setWindowRect: true, strictFileInteractability: false, timeouts: {implicit: 0, pageLoad: 300000, script: 30000}, unhandledPromptBehavior: dismiss and notify, webauthn:extension:credBlob: true, webauthn:extension:largeBlob: true, webauthn:virtualAuthenticators: true}
Session ID: 46b0086991e49df0bb00c5de56c772d4
	at org.openqa.selenium.support.ui.WebDriverWait.timeoutException(WebDriverWait.java:87)
	at org.openqa.selenium.support.ui.FluentWait.until(FluentWait.java:231)
	at org.example.stepDefs.D07_followUsStepDef.rss(D07_followUsStepDef.java:51)
	at âœ½.user click on rss icon(file:///C:/Users/20115/IdeaProjects/demonopcommerceA/src/main/resources/features/F07_followUs.feature:14)
&amp#27;[0m
  &amp#27;[36mThen &amp#27;[0m&amp#27;[36muser navigated to page in new tap &amp#27;[0m&amp#27;[36m&amp#27;[1m"https://demo.nopcommerce.com/nopcommerce-new-release"&amp#27;[0m &amp#27;[90m# org.example.stepDefs.D07_followUsStepDef.Face_book(java.lang.String)&amp#27;[0m
]]></system-out>
    <system-err><![CDATA[Starting ChromeDriver 108.0.5359.71 (1e0e3868ee06e91ad636a874420e3ca3ae3756ac-refs/branch-heads/5359@{#1016}) on port 45999
Only local connections are allowed.
Please see https://chromedriver.chromium.org/security-considerations for suggestions on keeping ChromeDriver safe.
ChromeDriver was started successfully.
Dec 04, 2022 11:57:18 PM org.openqa.selenium.devtools.CdpVersionFinder findNearestMatch
WARNING: Unable to find an exact match for CDP version 108, so returning the closest version found: 107
]]></system-err>
  </testcase>
  <testcase name="runScenario" classname="org.example.testRunner.runners" time="23.653"/>
  <testcase name="runScenario" classname="org.example.testRunner.runners" time="23.975"/>
</testsuite>